<?xml version="1.0" encoding="UTF-8"?>
<!-- Generated by org.testng.reporters.JUnitReportReporter -->
<testsuite hostname="DESKTOP-JON0OF4" failures="0" tests="1" name="org.testing.testScripts.TC7_GetAllMethodRequest" time="0.533" errors="0" timestamp="2024-04-25T20:06:36 GST" skipped="0">
  <testcase classname="org.testing.testScripts.TC7_GetAllMethodRequest" name="testCase7" time="0.533"/>
</testsuite> <!-- org.testing.testScripts.TC7_GetAllMethodRequest -->
