<?xml version="1.0" encoding="UTF-8"?>
<!-- Generated by org.testng.reporters.JUnitReportReporter -->
<testsuite hostname="DESKTOP-JON0OF4" failures="0" tests="1" name="org.testing.testScripts.TC5_DeleteRequest" time="1.425" errors="0" timestamp="2024-04-25T20:06:36 GST" skipped="0">
  <testcase classname="org.testing.testScripts.TC5_DeleteRequest" name="testCase5" time="1.425"/>
</testsuite> <!-- org.testing.testScripts.TC5_DeleteRequest -->
