<?xml version="1.0" encoding="UTF-8"?>
<!-- Generated by org.testng.reporters.JUnitReportReporter -->
<testsuite hostname="DESKTOP-JON0OF4" failures="0" tests="1" name="org.testing.testScripts.TC9_PutMethodRequest" time="0.521" errors="0" timestamp="2024-04-23T23:49:26 GST" skipped="0">
  <testcase classname="org.testing.testScripts.TC9_PutMethodRequest" name="testCase9" time="0.521"/>
</testsuite> <!-- org.testing.testScripts.TC9_PutMethodRequest -->
